<?xml version="1.0" encoding="UTF-8"?>
<testsuite xmlns:xsi="http://www.w3.org/2001/XMLSchema-instance" xsi:noNamespaceSchemaLocation="https://maven.apache.org/surefire/maven-surefire-plugin/xsd/surefire-test-report-3.0.xsd" version="3.0" name="com.micro.services.ServicesApplicationTests" time="5.147" tests="1" errors="0" skipped="0" failures="0">
  <properties>
[...]
</properties>
  <testcase name="contextLoads" classname="com.micro.services.ServicesApplicationTests" time="0.524">
    <system-out><![CDATA[11:51:00.716 [main] INFO org.springframework.test.context.support.AnnotationConfigContextLoaderUtils -- Could not detect default configuration classes for test class [com.micro.services.ServicesApplicationTests]: ServicesApplicationTests does not declare any static, non-private, non-final, nested classes annotated with @Configuration.
11:51:00.789 [main] INFO org.springframework.boot.test.context.SpringBootTestContextBootstrapper -- Found @SpringBootConfiguration com.micro.services.ServicesApplication for test class com.micro.services.ServicesApplicationTests
11:51:00.912 [main] INFO org.springframework.boot.devtools.restart.RestartApplicationListener -- Restart disabled due to context in which it is running

  .   ____          _            __ _ _
 /\\ / ___'_ __ _ _(_)_ __  __ _ \ \ \ \
( ( )\___ | '_ | '_| | '_ \/ _` | \ \ \ \
 \\/  ___)| |_)| | | | | || (_| |  ) ) ) )
  '  |____| .__|_| |_|_| |_\__, | / / / /
 =========|_|==============|___/=/_/_/_/

 :: Spring Boot ::                (v3.3.2)

2024-08-11T11:51:01.204-04:00  INFO 21444 --- [services] [           main] c.m.services.ServicesApplicationTests    : Starting ServicesApplicationTests using Java 17.0.10 with PID 21444 (started by dshobha in C:\Users\dshobha\Spring\services)
2024-08-11T11:51:01.205-04:00  INFO 21444 --- [services] [           main] c.m.services.ServicesApplicationTests    : No active profile set, falling back to 1 default profile: "default"
2024-08-11T11:51:01.940-04:00  INFO 21444 --- [services] [           main] .s.d.r.c.RepositoryConfigurationDelegate : Bootstrapping Spring Data JPA repositories in DEFAULT mode.
2024-08-11T11:51:01.962-04:00  INFO 21444 --- [services] [           main] .s.d.r.c.RepositoryConfigurationDelegate : Finished Spring Data repository scanning in 14 ms. Found 0 JPA repository interfaces.
2024-08-11T11:51:02.478-04:00  INFO 21444 --- [services] [           main] o.hibernate.jpa.internal.util.LogHelper  : HHH000204: Processing PersistenceUnitInfo [name: default]
2024-08-11T11:51:02.556-04:00  INFO 21444 --- [services] [           main] org.hibernate.Version                    : HHH000412: Hibernate ORM core version 6.5.2.Final
2024-08-11T11:51:02.595-04:00  INFO 21444 --- [services] [           main] o.h.c.internal.RegionFactoryInitiator    : HHH000026: Second-level cache disabled
2024-08-11T11:51:02.919-04:00  INFO 21444 --- [services] [           main] o.s.o.j.p.SpringPersistenceUnitInfo      : No LoadTimeWeaver setup: ignoring JPA class transformer
2024-08-11T11:51:02.949-04:00  INFO 21444 --- [services] [           main] com.zaxxer.hikari.HikariDataSource       : HikariPool-1 - Starting...
2024-08-11T11:51:03.089-04:00  INFO 21444 --- [services] [           main] com.zaxxer.hikari.pool.HikariPool        : HikariPool-1 - Added connection conn0: url=jdbc:h2:file:~/data/employee_db user=SA
2024-08-11T11:51:03.090-04:00  INFO 21444 --- [services] [           main] com.zaxxer.hikari.HikariDataSource       : HikariPool-1 - Start completed.
2024-08-11T11:51:03.106-04:00  WARN 21444 --- [services] [           main] org.hibernate.orm.deprecation            : HHH90000025: H2Dialect does not need to be specified explicitly using 'hibernate.dialect' (remove the property setting and it will be selected by default)
2024-08-11T11:51:03.347-04:00  INFO 21444 --- [services] [           main] o.h.e.t.j.p.i.JtaPlatformInitiator       : HHH000489: No JTA platform available (set 'hibernate.transaction.jta.platform' to enable JTA platform integration)
2024-08-11T11:51:03.351-04:00  INFO 21444 --- [services] [           main] j.LocalContainerEntityManagerFactoryBean : Initialized JPA EntityManagerFactory for persistence unit 'default'
2024-08-11T11:51:03.613-04:00  WARN 21444 --- [services] [           main] JpaBaseConfiguration$JpaWebConfiguration : spring.jpa.open-in-view is enabled by default. Therefore, database queries may be performed during view rendering. Explicitly configure spring.jpa.open-in-view to disable this warning
2024-08-11T11:51:05.007-04:00  INFO 21444 --- [services] [           main] o.s.b.a.h2.H2ConsoleAutoConfiguration    : H2 console available at '/h2-console'. Database available at 'jdbc:h2:file:~/data/employee_db'
2024-08-11T11:51:05.057-04:00  INFO 21444 --- [services] [           main] o.s.b.a.e.web.EndpointLinksResolver      : Exposing 1 endpoint beneath base path '/actuator'
2024-08-11T11:51:05.196-04:00  INFO 21444 --- [services] [           main] c.m.services.ServicesApplicationTests    : Started ServicesApplicationTests in 4.293 seconds (process running for 5.022)
]]></system-out>
  </testcase>
</testsuite>